2023-11-10T09:48:20.786  <Info> phidget22 : 
	******************************  Logging Enabled  ******************************
	* Phidget22 - Version 1.17 - Built Oct  4 2023 12:00:00                       *
	* Release 1.17.20231004 - Windows (64-bit)                                    *
	*******************************************************************************
2023-11-10T09:48:20.799  <Info> phidget22usb[AttachUSBDevice()] : Attaching HID Phidget | Path: \\?\hid#vid_06c2&pid_0045#7&2cccb3f2&0&0000#{4d1e55b2-f16f-11cf-88cb-001111000030} | PDO Name: \Device\000000bf
2023-11-10T09:48:20.799  <Info> phidget22[deviceAttach()] : (Attach) 1013/1018/1019 (PhidgetInterfaceKit 8/8/8) v826 S/N:107414
2023-11-10T09:48:20.799  <Info> phidget22usb[PhidgetUSBOpenHandle()] : Opened USB Device: 0x140
2023-11-10T09:48:20.799  <Info> phidget22[PhidgetUSBReadThreadFunction()] : 1013/1018/1019 (PhidgetInterfaceKit 8/8/8) v826 S/N:107414: USB read thread started: 0x000063d8
2023-11-10T09:48:25.835  <Info> phidget22usb[PhidgetUSBCloseHandle()] : Closing USB Device: 0x140
2023-11-10T09:48:25.835  <Info> phidget22[PhidgetUSBReadThreadFunction()] : 1013/1018/1019 (PhidgetInterfaceKit 8/8/8) v826 S/N:107414: ReadThread exiting normally (signaled by Phidget_close)
2023-11-10T09:50:24.981  <Info> phidget22 : 
	******************************  Logging Enabled  ******************************
	* Phidget22 - Version 1.17 - Built Oct  4 2023 12:00:00                       *
	* Release 1.17.20231004 - Windows (64-bit)                                    *
	*******************************************************************************
2023-11-10T09:50:24.981  <Info> phidget22usb[AttachUSBDevice()] : Attaching HID Phidget | Path: \\?\hid#vid_06c2&pid_0045#7&2cccb3f2&0&0000#{4d1e55b2-f16f-11cf-88cb-001111000030} | PDO Name: \Device\000000bf
2023-11-10T09:50:24.981  <Info> phidget22[deviceAttach()] : (Attach) 1013/1018/1019 (PhidgetInterfaceKit 8/8/8) v826 S/N:107414
2023-11-10T09:50:24.981  <Info> phidget22usb[PhidgetUSBOpenHandle()] : Opened USB Device: 0x150
2023-11-10T09:50:24.981  <Info> phidget22[PhidgetUSBReadThreadFunction()] : 1013/1018/1019 (PhidgetInterfaceKit 8/8/8) v826 S/N:107414: USB read thread started: 0x000023f8
2023-11-10T09:50:30.034  <Info> phidget22[PhidgetUSBReadThreadFunction()] : 1013/1018/1019 (PhidgetInterfaceKit 8/8/8) v826 S/N:107414: ReadThread exiting normally (signaled by Phidget_close)
2023-11-10T09:50:30.034  <Info> phidget22usb[PhidgetUSBCloseHandle()] : Closing USB Device: 0x150
2023-11-10T09:51:38.044  <Info> phidget22 : 
	******************************  Logging Enabled  ******************************
	* Phidget22 - Version 1.17 - Built Oct  4 2023 12:00:00                       *
	* Release 1.17.20231004 - Windows (64-bit)                                    *
	*******************************************************************************
2023-11-10T09:51:38.044  <Info> phidget22usb[AttachUSBDevice()] : Attaching HID Phidget | Path: \\?\hid#vid_06c2&pid_0045#7&2cccb3f2&0&0000#{4d1e55b2-f16f-11cf-88cb-001111000030} | PDO Name: \Device\000000bf
2023-11-10T09:51:38.050  <Info> phidget22[deviceAttach()] : (Attach) 1013/1018/1019 (PhidgetInterfaceKit 8/8/8) v826 S/N:107414
2023-11-10T09:51:38.050  <Info> phidget22usb[PhidgetUSBOpenHandle()] : Opened USB Device: 0xc0
2023-11-10T09:51:38.050  <Info> phidget22[PhidgetUSBReadThreadFunction()] : 1013/1018/1019 (PhidgetInterfaceKit 8/8/8) v826 S/N:107414: USB read thread started: 0x000065a8
2023-11-10T09:51:43.084  <Info> phidget22[PhidgetUSBReadThreadFunction()] : 1013/1018/1019 (PhidgetInterfaceKit 8/8/8) v826 S/N:107414: ReadThread exiting normally (signaled by Phidget_close)
2023-11-10T09:51:43.084  <Info> phidget22usb[PhidgetUSBCloseHandle()] : Closing USB Device: 0xc0
2023-11-10T09:56:09.295  <Info> phidget22 : 
	******************************  Logging Enabled  ******************************
	* Phidget22 - Version 1.17 - Built Oct  4 2023 12:00:00                       *
	* Release 1.17.20231004 - Windows (64-bit)                                    *
	*******************************************************************************
2023-11-10T09:56:09.312  <Info> phidget22usb[AttachUSBDevice()] : Attaching HID Phidget | Path: \\?\hid#vid_06c2&pid_0045#7&2cccb3f2&0&0000#{4d1e55b2-f16f-11cf-88cb-001111000030} | PDO Name: \Device\000000bf
2023-11-10T09:56:09.312  <Info> phidget22[deviceAttach()] : (Attach) 1013/1018/1019 (PhidgetInterfaceKit 8/8/8) v826 S/N:107414
2023-11-10T09:56:09.312  <Info> phidget22usb[AttachUSBDevice()] : Attaching HID Phidget | Path: \\?\hid#vid_06c2&pid_003a#7&382368d6&0&0000#{4d1e55b2-f16f-11cf-88cb-001111000030} | PDO Name: \Device\000000c2
2023-11-10T09:56:09.312  <Info> phidget22[deviceAttach()] : (Attach) 1061 (PhidgetAdvancedServo 8-Motor) v304 S/N:302849
2023-11-10T09:56:48.613  <Info> phidget22 : 
	******************************  Logging Enabled  ******************************
	* Phidget22 - Version 1.17 - Built Oct  4 2023 12:00:00                       *
	* Release 1.17.20231004 - Windows (64-bit)                                    *
	*******************************************************************************
2023-11-10T09:56:48.613  <Info> phidget22usb[AttachUSBDevice()] : Attaching HID Phidget | Path: \\?\hid#vid_06c2&pid_0045#7&2cccb3f2&0&0000#{4d1e55b2-f16f-11cf-88cb-001111000030} | PDO Name: \Device\000000bf
2023-11-10T09:56:48.613  <Info> phidget22[deviceAttach()] : (Attach) 1013/1018/1019 (PhidgetInterfaceKit 8/8/8) v826 S/N:107414
2023-11-10T09:56:48.613  <Info> phidget22usb[AttachUSBDevice()] : Attaching HID Phidget | Path: \\?\hid#vid_06c2&pid_003a#7&382368d6&0&0000#{4d1e55b2-f16f-11cf-88cb-001111000030} | PDO Name: \Device\000000c2
2023-11-10T09:56:48.613  <Info> phidget22[deviceAttach()] : (Attach) 1061 (PhidgetAdvancedServo 8-Motor) v304 S/N:302849
2023-11-10T09:58:18.795  <Info> phidget22 : 
	******************************  Logging Enabled  ******************************
	* Phidget22 - Version 1.17 - Built Oct  4 2023 12:00:00                       *
	* Release 1.17.20231004 - Windows (64-bit)                                    *
	*******************************************************************************
2023-11-10T09:58:18.795  <Info> phidget22usb[AttachUSBDevice()] : Attaching HID Phidget | Path: \\?\hid#vid_06c2&pid_003a#7&382368d6&0&0000#{4d1e55b2-f16f-11cf-88cb-001111000030} | PDO Name: \Device\000000c3
2023-11-10T09:58:18.809  <Info> phidget22[deviceAttach()] : (Attach) 1061 (PhidgetAdvancedServo 8-Motor) v304 S/N:302849
2023-11-10T10:01:10.609  <Info> phidget22 : 
	******************************  Logging Enabled  ******************************
	* Phidget22 - Version 1.17 - Built Oct  4 2023 12:00:00                       *
	* Release 1.17.20231004 - Windows (64-bit)                                    *
	*******************************************************************************
2023-11-10T10:01:10.609  <Info> phidget22usb[AttachUSBDevice()] : Attaching HID Phidget | Path: \\?\hid#vid_06c2&pid_0045#7&2cccb3f2&0&0000#{4d1e55b2-f16f-11cf-88cb-001111000030} | PDO Name: \Device\000000c4
2023-11-10T10:01:10.609  <Info> phidget22[deviceAttach()] : (Attach) 1013/1018/1019 (PhidgetInterfaceKit 8/8/8) v826 S/N:107414
2023-11-10T10:01:10.609  <Info> phidget22usb[AttachUSBDevice()] : Attaching HID Phidget | Path: \\?\hid#vid_06c2&pid_003a#7&382368d6&0&0000#{4d1e55b2-f16f-11cf-88cb-001111000030} | PDO Name: \Device\000000c5
2023-11-10T10:01:10.624  <Info> phidget22[deviceAttach()] : (Attach) 1061 (PhidgetAdvancedServo 8-Motor) v304 S/N:302849
2023-11-10T10:09:50.439  <Info> phidget22 : 
	******************************  Logging Enabled  ******************************
	* Phidget22 - Version 1.17 - Built Oct  4 2023 12:00:00                       *
	* Release 1.17.20231004 - Windows (64-bit)                                    *
	*******************************************************************************
2023-11-10T10:09:50.452  <Info> phidget22usb[AttachUSBDevice()] : Attaching HID Phidget | Path: \\?\hid#vid_06c2&pid_0045#7&2cccb3f2&0&0000#{4d1e55b2-f16f-11cf-88cb-001111000030} | PDO Name: \Device\000000c4
2023-11-10T10:09:50.453  <Info> phidget22[deviceAttach()] : (Attach) 1013/1018/1019 (PhidgetInterfaceKit 8/8/8) v826 S/N:107414
2023-11-10T10:09:50.453  <Info> phidget22usb[AttachUSBDevice()] : Attaching HID Phidget | Path: \\?\hid#vid_06c2&pid_003a#7&382368d6&0&0000#{4d1e55b2-f16f-11cf-88cb-001111000030} | PDO Name: \Device\000000c5
2023-11-10T10:09:50.453  <Info> phidget22[deviceAttach()] : (Attach) 1061 (PhidgetAdvancedServo 8-Motor) v304 S/N:302849
2023-11-10T10:11:56.570  <Info> phidget22 : 
	******************************  Logging Enabled  ******************************
	* Phidget22 - Version 1.17 - Built Oct  4 2023 12:00:00                       *
	* Release 1.17.20231004 - Windows (64-bit)                                    *
	*******************************************************************************
2023-11-10T10:11:56.584  <Info> phidget22usb[AttachUSBDevice()] : Attaching HID Phidget | Path: \\?\hid#vid_06c2&pid_0045#7&2cccb3f2&0&0000#{4d1e55b2-f16f-11cf-88cb-001111000030} | PDO Name: \Device\000000c4
2023-11-10T10:11:56.586  <Info> phidget22[deviceAttach()] : (Attach) 1013/1018/1019 (PhidgetInterfaceKit 8/8/8) v826 S/N:107414
2023-11-10T10:11:56.586  <Info> phidget22usb[AttachUSBDevice()] : Attaching HID Phidget | Path: \\?\hid#vid_06c2&pid_003a#7&382368d6&0&0000#{4d1e55b2-f16f-11cf-88cb-001111000030} | PDO Name: \Device\000000c5
2023-11-10T10:11:56.586  <Info> phidget22[deviceAttach()] : (Attach) 1061 (PhidgetAdvancedServo 8-Motor) v304 S/N:302849
2023-11-10T10:12:16.667  <Info> phidget22 : 
	******************************  Logging Enabled  ******************************
	* Phidget22 - Version 1.17 - Built Oct  4 2023 12:00:00                       *
	* Release 1.17.20231004 - Windows (64-bit)                                    *
	*******************************************************************************
2023-11-10T10:12:16.667  <Info> phidget22usb[AttachUSBDevice()] : Attaching HID Phidget | Path: \\?\hid#vid_06c2&pid_0045#7&2cccb3f2&0&0000#{4d1e55b2-f16f-11cf-88cb-001111000030} | PDO Name: \Device\000000c4
2023-11-10T10:12:16.667  <Info> phidget22[deviceAttach()] : (Attach) 1013/1018/1019 (PhidgetInterfaceKit 8/8/8) v826 S/N:107414
2023-11-10T10:12:16.667  <Info> phidget22usb[AttachUSBDevice()] : Attaching HID Phidget | Path: \\?\hid#vid_06c2&pid_003a#7&382368d6&0&0000#{4d1e55b2-f16f-11cf-88cb-001111000030} | PDO Name: \Device\000000c5
2023-11-10T10:12:16.667  <Info> phidget22[deviceAttach()] : (Attach) 1061 (PhidgetAdvancedServo 8-Motor) v304 S/N:302849
2023-11-10T10:16:57.765  <Info> phidget22 : 
	******************************  Logging Enabled  ******************************
	* Phidget22 - Version 1.17 - Built Oct  4 2023 12:00:00                       *
	* Release 1.17.20231004 - Windows (64-bit)                                    *
	*******************************************************************************
2023-11-10T10:16:57.765  <Info> phidget22usb[AttachUSBDevice()] : Attaching HID Phidget | Path: \\?\hid#vid_06c2&pid_0045#7&2cccb3f2&0&0000#{4d1e55b2-f16f-11cf-88cb-001111000030} | PDO Name: \Device\000000c4
2023-11-10T10:16:57.765  <Info> phidget22[deviceAttach()] : (Attach) 1013/1018/1019 (PhidgetInterfaceKit 8/8/8) v826 S/N:107414
2023-11-10T10:16:57.765  <Info> phidget22usb[AttachUSBDevice()] : Attaching HID Phidget | Path: \\?\hid#vid_06c2&pid_003a#7&382368d6&0&0000#{4d1e55b2-f16f-11cf-88cb-001111000030} | PDO Name: \Device\000000c5
2023-11-10T10:16:57.779  <Info> phidget22[deviceAttach()] : (Attach) 1061 (PhidgetAdvancedServo 8-Motor) v304 S/N:302849
2023-11-10T10:16:57.781  <Warn> phidget22usb[openHandle2()] : CreateFileW(\\?\hid#vid_06c2&pid_003a#7&382368d6&0&0000#{4d1e55b2-f16f-11cf-88cb-001111000030}) failed with error code: 0x00000020 - The process cannot access the file because it is being used by another process.
2023-11-10T10:16:57.800  <Warn> phidget22usb[PhidgetUSBOpenHandle()] : Device: <1061 (PhidgetAdvancedServo 8-Motor) v304 S/N:302849> open failed because device is in use. Failed to look up owning process.
2023-11-10T10:16:58.055  <Warn> phidget22usb[openHandle2()] : CreateFileW(\\?\hid#vid_06c2&pid_003a#7&382368d6&0&0000#{4d1e55b2-f16f-11cf-88cb-001111000030}) failed with error code: 0x00000020 - The process cannot access the file because it is being used by another process.
2023-11-10T10:16:58.321  <Warn> phidget22usb[openHandle2()] : CreateFileW(\\?\hid#vid_06c2&pid_003a#7&382368d6&0&0000#{4d1e55b2-f16f-11cf-88cb-001111000030}) failed with error code: 0x00000020 - The process cannot access the file because it is being used by another process.
2023-11-10T10:16:58.583  <Warn> phidget22usb[openHandle2()] : CreateFileW(\\?\hid#vid_06c2&pid_003a#7&382368d6&0&0000#{4d1e55b2-f16f-11cf-88cb-001111000030}) failed with error code: 0x00000020 - The process cannot access the file because it is being used by another process.
2023-11-10T10:16:58.845  <Warn> phidget22usb[openHandle2()] : CreateFileW(\\?\hid#vid_06c2&pid_003a#7&382368d6&0&0000#{4d1e55b2-f16f-11cf-88cb-001111000030}) failed with error code: 0x00000020 - The process cannot access the file because it is being used by another process.
2023-11-10T10:17:22.749  <Info> phidget22 : 
	******************************  Logging Enabled  ******************************
	* Phidget22 - Version 1.17 - Built Oct  4 2023 12:00:00                       *
	* Release 1.17.20231004 - Windows (64-bit)                                    *
	*******************************************************************************
2023-11-10T10:17:22.749  <Info> phidget22usb[AttachUSBDevice()] : Attaching HID Phidget | Path: \\?\hid#vid_06c2&pid_0045#7&2cccb3f2&0&0000#{4d1e55b2-f16f-11cf-88cb-001111000030} | PDO Name: \Device\000000c4
2023-11-10T10:17:22.749  <Info> phidget22[deviceAttach()] : (Attach) 1013/1018/1019 (PhidgetInterfaceKit 8/8/8) v826 S/N:107414
2023-11-10T10:17:22.749  <Info> phidget22usb[AttachUSBDevice()] : Attaching HID Phidget | Path: \\?\hid#vid_06c2&pid_003a#7&382368d6&0&0000#{4d1e55b2-f16f-11cf-88cb-001111000030} | PDO Name: \Device\000000c5
2023-11-10T10:17:22.749  <Info> phidget22[deviceAttach()] : (Attach) 1061 (PhidgetAdvancedServo 8-Motor) v304 S/N:302849
2023-11-10T10:17:22.749  <Info> phidget22usb[PhidgetUSBOpenHandle()] : Opened USB Device: 0x160
2023-11-10T10:17:22.749  <Info> phidget22[PhidgetUSBReadThreadFunction()] : 1061 (PhidgetAdvancedServo 8-Motor) v304 S/N:302849: USB read thread started: 0x00000e68
2023-11-10T10:17:27.800  <Info> phidget22[PhidgetUSBReadThreadFunction()] : 1061 (PhidgetAdvancedServo 8-Motor) v304 S/N:302849: ReadThread exiting normally (signaled by Phidget_close)
2023-11-10T10:17:27.800  <Info> phidget22usb[PhidgetUSBCloseHandle()] : Closing USB Device: 0x160
2023-11-10T10:19:09.480  <Info> phidget22 : 
	******************************  Logging Enabled  ******************************
	* Phidget22 - Version 1.17 - Built Oct  4 2023 12:00:00                       *
	* Release 1.17.20231004 - Windows (64-bit)                                    *
	*******************************************************************************
2023-11-10T10:19:09.496  <Info> phidget22usb[AttachUSBDevice()] : Attaching HID Phidget | Path: \\?\hid#vid_06c2&pid_0045#7&2cccb3f2&0&0000#{4d1e55b2-f16f-11cf-88cb-001111000030} | PDO Name: \Device\000000c4
2023-11-10T10:19:09.498  <Info> phidget22[deviceAttach()] : (Attach) 1013/1018/1019 (PhidgetInterfaceKit 8/8/8) v826 S/N:107414
2023-11-10T10:19:09.498  <Info> phidget22usb[AttachUSBDevice()] : Attaching HID Phidget | Path: \\?\hid#vid_06c2&pid_003a#7&382368d6&0&0000#{4d1e55b2-f16f-11cf-88cb-001111000030} | PDO Name: \Device\000000c5
2023-11-10T10:19:09.498  <Info> phidget22[deviceAttach()] : (Attach) 1061 (PhidgetAdvancedServo 8-Motor) v304 S/N:302849
2023-11-10T10:19:09.498  <Info> phidget22usb[PhidgetUSBOpenHandle()] : Opened USB Device: 0x20c
2023-11-10T10:19:09.498  <Info> phidget22[PhidgetUSBReadThreadFunction()] : 1061 (PhidgetAdvancedServo 8-Motor) v304 S/N:302849: USB read thread started: 0x00002f00
2023-11-10T10:19:13.429  <Info> phidget22 : 
	******************************  Logging Enabled  ******************************
	* Phidget22 - Version 1.17 - Built Oct  4 2023 12:00:00                       *
	* Release 1.17.20231004 - Windows (64-bit)                                    *
	*******************************************************************************
2023-11-10T10:19:13.433  <Info> phidget22usb[AttachUSBDevice()] : Attaching HID Phidget | Path: \\?\hid#vid_06c2&pid_0045#7&2cccb3f2&0&0000#{4d1e55b2-f16f-11cf-88cb-001111000030} | PDO Name: \Device\000000c4
2023-11-10T10:19:13.435  <Info> phidget22[deviceAttach()] : (Attach) 1013/1018/1019 (PhidgetInterfaceKit 8/8/8) v826 S/N:107414
2023-11-10T10:19:13.435  <Info> phidget22usb[AttachUSBDevice()] : Attaching HID Phidget | Path: \\?\hid#vid_06c2&pid_003a#7&382368d6&0&0000#{4d1e55b2-f16f-11cf-88cb-001111000030} | PDO Name: \Device\000000c5
2023-11-10T10:19:13.435  <Info> phidget22[deviceAttach()] : (Attach) 1061 (PhidgetAdvancedServo 8-Motor) v304 S/N:302849
2023-11-10T10:19:13.435  <Info> phidget22usb[PhidgetUSBOpenHandle()] : Opened USB Device: 0x2a4
2023-11-10T10:19:13.435  <Info> phidget22[PhidgetUSBReadThreadFunction()] : 1061 (PhidgetAdvancedServo 8-Motor) v304 S/N:302849: USB read thread started: 0x00002148
2023-11-10T10:19:18.487  <Info> phidget22[PhidgetUSBReadThreadFunction()] : 1061 (PhidgetAdvancedServo 8-Motor) v304 S/N:302849: ReadThread exiting normally (signaled by Phidget_close)
2023-11-10T10:19:18.487  <Info> phidget22usb[PhidgetUSBCloseHandle()] : Closing USB Device: 0x2a4
2023-11-10T10:19:19.913  <Info> phidget22 : 
	******************************  Logging Enabled  ******************************
	* Phidget22 - Version 1.17 - Built Oct  4 2023 12:00:00                       *
	* Release 1.17.20231004 - Windows (64-bit)                                    *
	*******************************************************************************
2023-11-10T10:19:19.913  <Info> phidget22usb[AttachUSBDevice()] : Attaching HID Phidget | Path: \\?\hid#vid_06c2&pid_0045#7&2cccb3f2&0&0000#{4d1e55b2-f16f-11cf-88cb-001111000030} | PDO Name: \Device\000000c4
2023-11-10T10:19:19.928  <Info> phidget22[deviceAttach()] : (Attach) 1013/1018/1019 (PhidgetInterfaceKit 8/8/8) v826 S/N:107414
2023-11-10T10:19:19.929  <Info> phidget22usb[AttachUSBDevice()] : Attaching HID Phidget | Path: \\?\hid#vid_06c2&pid_003a#7&382368d6&0&0000#{4d1e55b2-f16f-11cf-88cb-001111000030} | PDO Name: \Device\000000c5
2023-11-10T10:19:19.930  <Info> phidget22[deviceAttach()] : (Attach) 1061 (PhidgetAdvancedServo 8-Motor) v304 S/N:302849
2023-11-10T10:19:19.932  <Info> phidget22usb[PhidgetUSBOpenHandle()] : Opened USB Device: 0x150
2023-11-10T10:19:19.932  <Info> phidget22[PhidgetUSBReadThreadFunction()] : 1061 (PhidgetAdvancedServo 8-Motor) v304 S/N:302849: USB read thread started: 0x00001228
2023-11-10T10:19:20.983  <Info> phidget22usb[PhidgetUSBCloseHandle()] : Closing USB Device: 0x150
2023-11-10T10:19:20.983  <Info> phidget22[PhidgetUSBReadThreadFunction()] : 1061 (PhidgetAdvancedServo 8-Motor) v304 S/N:302849: ReadThread exiting normally (signaled by Phidget_close)
2023-11-10T10:19:23.112  <Info> phidget22 : 
	******************************  Logging Enabled  ******************************
	* Phidget22 - Version 1.17 - Built Oct  4 2023 12:00:00                       *
	* Release 1.17.20231004 - Windows (64-bit)                                    *
	*******************************************************************************
2023-11-10T10:19:23.112  <Info> phidget22usb[AttachUSBDevice()] : Attaching HID Phidget | Path: \\?\hid#vid_06c2&pid_0045#7&2cccb3f2&0&0000#{4d1e55b2-f16f-11cf-88cb-001111000030} | PDO Name: \Device\000000c4
2023-11-10T10:19:23.127  <Info> phidget22[deviceAttach()] : (Attach) 1013/1018/1019 (PhidgetInterfaceKit 8/8/8) v826 S/N:107414
2023-11-10T10:19:23.127  <Info> phidget22usb[AttachUSBDevice()] : Attaching HID Phidget | Path: \\?\hid#vid_06c2&pid_003a#7&382368d6&0&0000#{4d1e55b2-f16f-11cf-88cb-001111000030} | PDO Name: \Device\000000c5
2023-11-10T10:19:23.129  <Info> phidget22[deviceAttach()] : (Attach) 1061 (PhidgetAdvancedServo 8-Motor) v304 S/N:302849
2023-11-10T10:19:23.129  <Info> phidget22usb[PhidgetUSBOpenHandle()] : Opened USB Device: 0x260
2023-11-10T10:19:23.129  <Info> phidget22[PhidgetUSBReadThreadFunction()] : 1061 (PhidgetAdvancedServo 8-Motor) v304 S/N:302849: USB read thread started: 0x00001ad4
2023-11-10T10:19:24.184  <Info> phidget22usb[PhidgetUSBCloseHandle()] : Closing USB Device: 0x260
2023-11-10T10:19:24.184  <Info> phidget22[PhidgetUSBReadThreadFunction()] : 1061 (PhidgetAdvancedServo 8-Motor) v304 S/N:302849: ReadThread exiting normally (signaled by Phidget_close)
2023-11-10T10:19:32.664  <Info> phidget22 : 
	******************************  Logging Enabled  ******************************
	* Phidget22 - Version 1.17 - Built Oct  4 2023 12:00:00                       *
	* Release 1.17.20231004 - Windows (64-bit)                                    *
	*******************************************************************************
2023-11-10T10:19:32.664  <Info> phidget22usb[AttachUSBDevice()] : Attaching HID Phidget | Path: \\?\hid#vid_06c2&pid_0045#7&2cccb3f2&0&0000#{4d1e55b2-f16f-11cf-88cb-001111000030} | PDO Name: \Device\000000c4
2023-11-10T10:19:32.664  <Info> phidget22[deviceAttach()] : (Attach) 1013/1018/1019 (PhidgetInterfaceKit 8/8/8) v826 S/N:107414
2023-11-10T10:19:32.664  <Info> phidget22usb[AttachUSBDevice()] : Attaching HID Phidget | Path: \\?\hid#vid_06c2&pid_003a#7&382368d6&0&0000#{4d1e55b2-f16f-11cf-88cb-001111000030} | PDO Name: \Device\000000c5
2023-11-10T10:19:32.664  <Info> phidget22[deviceAttach()] : (Attach) 1061 (PhidgetAdvancedServo 8-Motor) v304 S/N:302849
2023-11-10T10:19:32.678  <Info> phidget22usb[PhidgetUSBOpenHandle()] : Opened USB Device: 0x260
2023-11-10T10:19:32.678  <Info> phidget22[PhidgetUSBReadThreadFunction()] : 1061 (PhidgetAdvancedServo 8-Motor) v304 S/N:302849: USB read thread started: 0x0000062c
2023-11-10T10:19:33.720  <Info> phidget22[PhidgetUSBReadThreadFunction()] : 1061 (PhidgetAdvancedServo 8-Motor) v304 S/N:302849: ReadThread exiting normally (signaled by Phidget_close)
2023-11-10T10:19:33.720  <Info> phidget22usb[PhidgetUSBCloseHandle()] : Closing USB Device: 0x260
2023-11-10T10:19:34.982  <Info> phidget22 : 
	******************************  Logging Enabled  ******************************
	* Phidget22 - Version 1.17 - Built Oct  4 2023 12:00:00                       *
	* Release 1.17.20231004 - Windows (64-bit)                                    *
	*******************************************************************************
2023-11-10T10:19:34.984  <Info> phidget22usb[AttachUSBDevice()] : Attaching HID Phidget | Path: \\?\hid#vid_06c2&pid_0045#7&2cccb3f2&0&0000#{4d1e55b2-f16f-11cf-88cb-001111000030} | PDO Name: \Device\000000c4
2023-11-10T10:19:34.986  <Info> phidget22[deviceAttach()] : (Attach) 1013/1018/1019 (PhidgetInterfaceKit 8/8/8) v826 S/N:107414
2023-11-10T10:19:34.986  <Info> phidget22usb[AttachUSBDevice()] : Attaching HID Phidget | Path: \\?\hid#vid_06c2&pid_003a#7&382368d6&0&0000#{4d1e55b2-f16f-11cf-88cb-001111000030} | PDO Name: \Device\000000c5
2023-11-10T10:19:34.986  <Info> phidget22[deviceAttach()] : (Attach) 1061 (PhidgetAdvancedServo 8-Motor) v304 S/N:302849
2023-11-10T10:19:34.986  <Info> phidget22usb[PhidgetUSBOpenHandle()] : Opened USB Device: 0x264
2023-11-10T10:19:34.986  <Info> phidget22[PhidgetUSBReadThreadFunction()] : 1061 (PhidgetAdvancedServo 8-Motor) v304 S/N:302849: USB read thread started: 0x00000a94
2023-11-10T10:19:36.020  <Info> phidget22[PhidgetUSBReadThreadFunction()] : 1061 (PhidgetAdvancedServo 8-Motor) v304 S/N:302849: ReadThread exiting normally (signaled by Phidget_close)
2023-11-10T10:19:36.020  <Info> phidget22usb[PhidgetUSBCloseHandle()] : Closing USB Device: 0x264
2023-11-10T10:19:36.775  <Info> phidget22 : 
	******************************  Logging Enabled  ******************************
	* Phidget22 - Version 1.17 - Built Oct  4 2023 12:00:00                       *
	* Release 1.17.20231004 - Windows (64-bit)                                    *
	*******************************************************************************
2023-11-10T10:19:36.775  <Info> phidget22usb[AttachUSBDevice()] : Attaching HID Phidget | Path: \\?\hid#vid_06c2&pid_0045#7&2cccb3f2&0&0000#{4d1e55b2-f16f-11cf-88cb-001111000030} | PDO Name: \Device\000000c4
2023-11-10T10:19:36.791  <Info> phidget22[deviceAttach()] : (Attach) 1013/1018/1019 (PhidgetInterfaceKit 8/8/8) v826 S/N:107414
2023-11-10T10:19:36.791  <Info> phidget22usb[AttachUSBDevice()] : Attaching HID Phidget | Path: \\?\hid#vid_06c2&pid_003a#7&382368d6&0&0000#{4d1e55b2-f16f-11cf-88cb-001111000030} | PDO Name: \Device\000000c5
2023-11-10T10:19:36.791  <Info> phidget22[deviceAttach()] : (Attach) 1061 (PhidgetAdvancedServo 8-Motor) v304 S/N:302849
2023-11-10T10:19:36.791  <Info> phidget22usb[PhidgetUSBOpenHandle()] : Opened USB Device: 0x260
2023-11-10T10:19:36.791  <Info> phidget22[PhidgetUSBReadThreadFunction()] : 1061 (PhidgetAdvancedServo 8-Motor) v304 S/N:302849: USB read thread started: 0x00002998
2023-11-10T10:19:37.849  <Info> phidget22[PhidgetUSBReadThreadFunction()] : 1061 (PhidgetAdvancedServo 8-Motor) v304 S/N:302849: ReadThread exiting normally (signaled by Phidget_close)
2023-11-10T10:19:37.849  <Info> phidget22usb[PhidgetUSBCloseHandle()] : Closing USB Device: 0x260
2023-11-10T10:19:38.727  <Info> phidget22 : 
	******************************  Logging Enabled  ******************************
	* Phidget22 - Version 1.17 - Built Oct  4 2023 12:00:00                       *
	* Release 1.17.20231004 - Windows (64-bit)                                    *
	*******************************************************************************
2023-11-10T10:19:38.727  <Info> phidget22usb[AttachUSBDevice()] : Attaching HID Phidget | Path: \\?\hid#vid_06c2&pid_0045#7&2cccb3f2&0&0000#{4d1e55b2-f16f-11cf-88cb-001111000030} | PDO Name: \Device\000000c4
2023-11-10T10:19:38.727  <Info> phidget22[deviceAttach()] : (Attach) 1013/1018/1019 (PhidgetInterfaceKit 8/8/8) v826 S/N:107414
2023-11-10T10:19:38.727  <Info> phidget22usb[AttachUSBDevice()] : Attaching HID Phidget | Path: \\?\hid#vid_06c2&pid_003a#7&382368d6&0&0000#{4d1e55b2-f16f-11cf-88cb-001111000030} | PDO Name: \Device\000000c5
2023-11-10T10:19:38.742  <Info> phidget22[deviceAttach()] : (Attach) 1061 (PhidgetAdvancedServo 8-Motor) v304 S/N:302849
2023-11-10T10:19:38.742  <Info> phidget22usb[PhidgetUSBOpenHandle()] : Opened USB Device: 0x260
2023-11-10T10:19:38.742  <Info> phidget22[PhidgetUSBReadThreadFunction()] : 1061 (PhidgetAdvancedServo 8-Motor) v304 S/N:302849: USB read thread started: 0x00005e48
2023-11-10T10:19:39.799  <Info> phidget22[PhidgetUSBReadThreadFunction()] : 1061 (PhidgetAdvancedServo 8-Motor) v304 S/N:302849: ReadThread exiting normally (signaled by Phidget_close)
2023-11-10T10:19:39.799  <Info> phidget22usb[PhidgetUSBCloseHandle()] : Closing USB Device: 0x260
2023-11-10T10:19:51.731  <Info> phidget22 : 
	******************************  Logging Enabled  ******************************
	* Phidget22 - Version 1.17 - Built Oct  4 2023 12:00:00                       *
	* Release 1.17.20231004 - Windows (64-bit)                                    *
	*******************************************************************************
2023-11-10T10:19:51.731  <Info> phidget22usb[AttachUSBDevice()] : Attaching HID Phidget | Path: \\?\hid#vid_06c2&pid_0045#7&2cccb3f2&0&0000#{4d1e55b2-f16f-11cf-88cb-001111000030} | PDO Name: \Device\000000c4
2023-11-10T10:19:51.731  <Info> phidget22[deviceAttach()] : (Attach) 1013/1018/1019 (PhidgetInterfaceKit 8/8/8) v826 S/N:107414
2023-11-10T10:19:51.731  <Info> phidget22usb[AttachUSBDevice()] : Attaching HID Phidget | Path: \\?\hid#vid_06c2&pid_003a#7&382368d6&0&0000#{4d1e55b2-f16f-11cf-88cb-001111000030} | PDO Name: \Device\000000c5
2023-11-10T10:19:51.731  <Info> phidget22[deviceAttach()] : (Attach) 1061 (PhidgetAdvancedServo 8-Motor) v304 S/N:302849
2023-11-10T10:19:51.731  <Info> phidget22usb[PhidgetUSBOpenHandle()] : Opened USB Device: 0x260
2023-11-10T10:19:51.731  <Info> phidget22[PhidgetUSBReadThreadFunction()] : 1061 (PhidgetAdvancedServo 8-Motor) v304 S/N:302849: USB read thread started: 0x00003618
2023-11-10T10:19:52.792  <Info> phidget22usb[PhidgetUSBCloseHandle()] : Closing USB Device: 0x260
2023-11-10T10:19:52.792  <Info> phidget22[PhidgetUSBReadThreadFunction()] : 1061 (PhidgetAdvancedServo 8-Motor) v304 S/N:302849: ReadThread exiting normally (signaled by Phidget_close)
2023-11-10T10:19:53.043  <Info> phidget22[deviceDetach()] : (Detach) 1061 (PhidgetAdvancedServo 8-Motor) v304 S/N:302849
2023-11-10T10:19:53.043  <Info> phidget22[deviceDetach()] : (Detach) 1013/1018/1019 (PhidgetInterfaceKit 8/8/8) v826 S/N:107414
